2023-08-03 19:22:29.919  INFO 10576 --- [main] k.kuban.airport.service.AuthServiceTest  : Starting AuthServiceTest using Java 11.0.18 on DESKTOP-BPTJB0E with PID 10576 (started by Admin in D:\Сourses\Java\Airport)
2023-08-03 19:22:29.922  INFO 10576 --- [main] k.kuban.airport.service.AuthServiceTest  : No active profile set, falling back to 1 default profile: "default"
2023-08-03 19:22:32.081  INFO 10576 --- [main] .s.d.r.c.RepositoryConfigurationDelegate : Bootstrapping Spring Data JPA repositories in DEFAULT mode.
2023-08-03 19:22:32.357  INFO 10576 --- [main] .s.d.r.c.RepositoryConfigurationDelegate : Finished Spring Data repository scanning in 256 ms. Found 13 JPA repository interfaces.
2023-08-03 19:22:34.109  INFO 10576 --- [main] o.f.c.internal.license.VersionPrinter    : Flyway Community Edition 8.5.13 by Redgate
2023-08-03 19:22:34.121  INFO 10576 --- [main] o.f.c.internal.license.VersionPrinter    : See what's new here: https://flywaydb.org/documentation/learnmore/releaseNotes#8.5.13
2023-08-03 19:22:34.122  INFO 10576 --- [main] o.f.c.internal.license.VersionPrinter    : 
2023-08-03 19:22:34.165  INFO 10576 --- [main] com.zaxxer.hikari.HikariDataSource       : HikariPool-1 - Starting...
2023-08-03 19:22:34.461  INFO 10576 --- [main] com.zaxxer.hikari.HikariDataSource       : HikariPool-1 - Start completed.
2023-08-03 19:22:34.503  INFO 10576 --- [main] o.f.c.i.database.base.BaseDatabaseType   : Database: jdbc:postgresql://localhost:5432/airport (PostgreSQL 10.23)
2023-08-03 19:22:34.604  INFO 10576 --- [main] o.f.core.internal.command.DbValidate     : Successfully validated 3 migrations (execution time 00:00.061s)
2023-08-03 19:22:34.621  INFO 10576 --- [main] o.f.core.internal.command.DbMigrate      : Current version of schema "public": 1.1688899490
2023-08-03 19:22:34.622  WARN 10576 --- [main] o.f.core.internal.command.DbMigrate      : outOfOrder mode is active. Migration of schema "public" may not be reproducible.
2023-08-03 19:22:34.623  INFO 10576 --- [main] o.f.core.internal.command.DbMigrate      : Schema "public" is up to date. No migration necessary.
2023-08-03 19:22:35.170  INFO 10576 --- [main] o.hibernate.jpa.internal.util.LogHelper  : HHH000204: Processing PersistenceUnitInfo [name: default]
2023-08-03 19:22:35.342  INFO 10576 --- [main] org.hibernate.Version                    : HHH000412: Hibernate ORM core version 5.6.15.Final
2023-08-03 19:22:36.609  INFO 10576 --- [main] org.hibernate.dialect.Dialect            : HHH000400: Using dialect: org.hibernate.dialect.PostgreSQL10Dialect
2023-08-03 19:22:38.722  INFO 10576 --- [main] o.h.e.t.j.p.i.JtaPlatformInitiator       : HHH000490: Using JtaPlatform implementation: [org.hibernate.engine.transaction.jta.platform.internal.NoJtaPlatform]
2023-08-03 19:22:38.740  INFO 10576 --- [main] j.LocalContainerEntityManagerFactoryBean : Initialized JPA EntityManagerFactory for persistence unit 'default'
2023-08-03 19:22:40.700  WARN 10576 --- [main] JpaBaseConfiguration$JpaWebConfiguration : spring.jpa.open-in-view is enabled by default. Therefore, database queries may be performed during view rendering. Explicitly configure spring.jpa.open-in-view to disable this warning
2023-08-03 19:22:41.580  INFO 10576 --- [main] o.s.s.web.DefaultSecurityFilterChain     : Will secure any request with [org.springframework.security.web.session.DisableEncodeUrlFilter@39a1e1e6, org.springframework.security.web.context.request.async.WebAsyncManagerIntegrationFilter@2daa5092, org.springframework.security.web.context.SecurityContextPersistenceFilter@1977b0df, org.springframework.security.web.header.HeaderWriterFilter@627a890f, org.springframework.web.filter.CorsFilter@5f346355, org.springframework.security.web.authentication.logout.LogoutFilter@79982bcc, kg.kuban.airport.security.JwtAuthenticationFilter@1f1c7fde, org.springframework.security.web.authentication.www.BasicAuthenticationFilter@4d529bc0, org.springframework.security.web.savedrequest.RequestCacheAwareFilter@32ae11c9, org.springframework.security.web.servletapi.SecurityContextHolderAwareRequestFilter@167bae0b, org.springframework.security.web.authentication.AnonymousAuthenticationFilter@66e62e19, org.springframework.security.web.session.SessionManagementFilter@29c76d75, org.springframework.security.web.access.ExceptionTranslationFilter@51b11186, org.springframework.security.web.access.intercept.FilterSecurityInterceptor@74691677]
2023-08-03 19:22:43.178  INFO 10576 --- [main] k.kuban.airport.service.AuthServiceTest  : Started AuthServiceTest in 14.056 seconds (JVM running for 16.555)
2023-08-03 19:22:43.501  INFO 10576 --- [main] kg.kuban.airport.service.AuthService     : doSmth
2023-08-03 19:22:43.547  INFO 10576 --- [SpringApplicationShutdownHook] j.LocalContainerEntityManagerFactoryBean : Closing JPA EntityManagerFactory for persistence unit 'default'
2023-08-03 19:22:43.554  INFO 10576 --- [SpringApplicationShutdownHook] com.zaxxer.hikari.HikariDataSource       : HikariPool-1 - Shutdown initiated...
2023-08-03 19:22:43.568  INFO 10576 --- [SpringApplicationShutdownHook] com.zaxxer.hikari.HikariDataSource       : HikariPool-1 - Shutdown completed.
2023-08-03 19:22:58.898  INFO 1148 --- [main] k.kuban.airport.service.AuthServiceTest  : Starting AuthServiceTest using Java 11.0.18 on DESKTOP-BPTJB0E with PID 1148 (started by Admin in D:\Сourses\Java\Airport)
2023-08-03 19:22:58.901  INFO 1148 --- [main] k.kuban.airport.service.AuthServiceTest  : No active profile set, falling back to 1 default profile: "default"
2023-08-03 19:23:00.999  INFO 1148 --- [main] .s.d.r.c.RepositoryConfigurationDelegate : Bootstrapping Spring Data JPA repositories in DEFAULT mode.
2023-08-03 19:23:01.310  INFO 1148 --- [main] .s.d.r.c.RepositoryConfigurationDelegate : Finished Spring Data repository scanning in 291 ms. Found 13 JPA repository interfaces.
2023-08-03 19:23:02.980  INFO 1148 --- [main] o.f.c.internal.license.VersionPrinter    : Flyway Community Edition 8.5.13 by Redgate
2023-08-03 19:23:02.981  INFO 1148 --- [main] o.f.c.internal.license.VersionPrinter    : See what's new here: https://flywaydb.org/documentation/learnmore/releaseNotes#8.5.13
2023-08-03 19:23:02.982  INFO 1148 --- [main] o.f.c.internal.license.VersionPrinter    : 
2023-08-03 19:23:03.007  INFO 1148 --- [main] com.zaxxer.hikari.HikariDataSource       : HikariPool-1 - Starting...
2023-08-03 19:23:03.337  INFO 1148 --- [main] com.zaxxer.hikari.HikariDataSource       : HikariPool-1 - Start completed.
2023-08-03 19:23:03.382  INFO 1148 --- [main] o.f.c.i.database.base.BaseDatabaseType   : Database: jdbc:postgresql://localhost:5432/airport (PostgreSQL 10.23)
2023-08-03 19:23:03.503  INFO 1148 --- [main] o.f.core.internal.command.DbValidate     : Successfully validated 3 migrations (execution time 00:00.076s)
2023-08-03 19:23:03.524  INFO 1148 --- [main] o.f.core.internal.command.DbMigrate      : Current version of schema "public": 1.1688899490
2023-08-03 19:23:03.524  WARN 1148 --- [main] o.f.core.internal.command.DbMigrate      : outOfOrder mode is active. Migration of schema "public" may not be reproducible.
2023-08-03 19:23:03.527  INFO 1148 --- [main] o.f.core.internal.command.DbMigrate      : Schema "public" is up to date. No migration necessary.
2023-08-03 19:23:04.120  INFO 1148 --- [main] o.hibernate.jpa.internal.util.LogHelper  : HHH000204: Processing PersistenceUnitInfo [name: default]
2023-08-03 19:23:04.283  INFO 1148 --- [main] org.hibernate.Version                    : HHH000412: Hibernate ORM core version 5.6.15.Final
2023-08-03 19:23:05.707  INFO 1148 --- [main] org.hibernate.dialect.Dialect            : HHH000400: Using dialect: org.hibernate.dialect.PostgreSQL10Dialect
2023-08-03 19:23:07.954  INFO 1148 --- [main] o.h.e.t.j.p.i.JtaPlatformInitiator       : HHH000490: Using JtaPlatform implementation: [org.hibernate.engine.transaction.jta.platform.internal.NoJtaPlatform]
2023-08-03 19:23:07.979  INFO 1148 --- [main] j.LocalContainerEntityManagerFactoryBean : Initialized JPA EntityManagerFactory for persistence unit 'default'
2023-08-03 19:23:09.904  WARN 1148 --- [main] JpaBaseConfiguration$JpaWebConfiguration : spring.jpa.open-in-view is enabled by default. Therefore, database queries may be performed during view rendering. Explicitly configure spring.jpa.open-in-view to disable this warning
2023-08-03 19:23:10.722  INFO 1148 --- [main] o.s.s.web.DefaultSecurityFilterChain     : Will secure any request with [org.springframework.security.web.session.DisableEncodeUrlFilter@39a1e1e6, org.springframework.security.web.context.request.async.WebAsyncManagerIntegrationFilter@2daa5092, org.springframework.security.web.context.SecurityContextPersistenceFilter@628aea61, org.springframework.security.web.header.HeaderWriterFilter@52a2e2fb, org.springframework.web.filter.CorsFilter@5f346355, org.springframework.security.web.authentication.logout.LogoutFilter@42457891, kg.kuban.airport.security.JwtAuthenticationFilter@2d114d27, org.springframework.security.web.authentication.www.BasicAuthenticationFilter@4d529bc0, org.springframework.security.web.savedrequest.RequestCacheAwareFilter@6792f2c6, org.springframework.security.web.servletapi.SecurityContextHolderAwareRequestFilter@52fed5b7, org.springframework.security.web.authentication.AnonymousAuthenticationFilter@66e62e19, org.springframework.security.web.session.SessionManagementFilter@7890fbf9, org.springframework.security.web.access.ExceptionTranslationFilter@663e1144, org.springframework.security.web.access.intercept.FilterSecurityInterceptor@74691677]
2023-08-03 19:23:12.404  INFO 1148 --- [main] k.kuban.airport.service.AuthServiceTest  : Started AuthServiceTest in 14.444 seconds (JVM running for 17.175)
2023-08-03 19:23:12.690  INFO 1148 --- [main] kg.kuban.airport.service.AuthService     : doSmth
2023-08-03 19:23:12.761  INFO 1148 --- [SpringApplicationShutdownHook] j.LocalContainerEntityManagerFactoryBean : Closing JPA EntityManagerFactory for persistence unit 'default'
2023-08-03 19:23:12.766  INFO 1148 --- [SpringApplicationShutdownHook] com.zaxxer.hikari.HikariDataSource       : HikariPool-1 - Shutdown initiated...
2023-08-03 19:23:12.781  INFO 1148 --- [SpringApplicationShutdownHook] com.zaxxer.hikari.HikariDataSource       : HikariPool-1 - Shutdown completed.
